状态 78 conflicts: 8 shift/reduce
状态 80 conflicts: 8 shift/reduce
状态 120 conflicts: 8 shift/reduce
状态 122 conflicts: 8 shift/reduce
状态 124 conflicts: 8 shift/reduce
状态 126 conflicts: 8 shift/reduce
状态 128 conflicts: 8 shift/reduce
状态 130 conflicts: 8 shift/reduce
状态 132 conflicts: 8 shift/reduce
状态 134 conflicts: 8 shift/reduce


语法

    0 $accept: Program $end

    1 Program: ExtDefList

    2 ExtDefList: ExtDef ExtDefList
    3           | %empty

    4 ExtDef: Specifier ExtDecList SEMI
    5       | Specifier SEMI
    6       | Specifier FunDec CompSt

    7 ExtDecList: VarDec
    8           | VarDec COMMA ExtDecList

    9 Specifier: TYPE
   10          | StructSpecifier

   11 StructSpecifier: STRUCT OptTag LC DefList RC
   12                | STRUCT Tag

   13 OptTag: ID
   14       | %empty

   15 Tag: ID

   16 VarDec: ID
   17       | VarDec LB INT RB
   18       | error RB

   19 FunDec: ID LP VarList RP
   20       | ID LP RP

   21 VarList: ParamDec COMMA VarList
   22        | ParamDec

   23 ParamDec: Specifier VarDec

   24 CompSt: LC DefList StmtList RC

   25 StmtList: Stmt StmtList
   26         | %empty

   27 Stmt: Exp SEMI
   28     | CompSt
   29     | RETURN Exp SEMI
   30     | IF LP Exp RP Stmt
   31     | IF LP Exp RP Stmt ELSE Stmt
   32     | WHILE LP Exp RP Stmt
   33     | error IF
   34     | error ELSE
   35     | error WHILE
   36     | error SEMI

   37 DefList: Def DefList
   38        | %empty

   39 Def: Specifier DecList SEMI

   40 DecList: Dec
   41        | Dec COMMA DecList

   42 Dec: VarDec
   43    | VarDec ASSIGNOP Exp

   44 Exp: Exp ASSIGNOP Exp
   45    | Exp AND Exp
   46    | Exp OR Exp
   47    | Exp RELOP Exp
   48    | Exp PLUS Exp
   49    | Exp MINUS Exp
   50    | Exp STAR Exp
   51    | Exp DIV Exp
   52    | LP Exp RP
   53    | MINUS Exp
   54    | NOT Exp
   55    | ID LP Args RP
   56    | ID LP RP
   57    | Exp LB Exp RB
   58    | Exp DOT ID
   59    | ID
   60    | INT
   61    | FLOAT
   62    | Exp PLUS error
   63    | error PLUS Exp
   64    | Exp MINUS error
   65    | error MINUS Exp
   66    | Exp STAR error
   67    | error STAR Exp
   68    | Exp DIV error
   69    | error DIV Exp
   70    | Exp RELOP error
   71    | error RELOP Exp
   72    | Exp ASSIGNOP error
   73    | error ASSIGNOP Exp
   74    | Exp AND error
   75    | error AND Exp
   76    | Exp OR error
   77    | error OR Exp
   78    | MINUS error
   79    | NOT error
   80    | LP Exp error RP
   81    | LP error RP
   82    | Exp LB error RB

   83 Args: Exp COMMA Args
   84     | Exp


Terminals, with rules where they appear

$end (0) 0
error (256) 18 33 34 35 36 62 63 64 65 66 67 68 69 70 71 72 73 74 75
    76 77 78 79 80 81 82
INT (258) 17 60
FLOAT (259) 61
ID (260) 13 15 16 19 20 55 56 58 59
SEMI (261) 4 5 27 29 36 39
COMMA (262) 8 21 41 83
ASSIGNOP (263) 43 44 72 73
RELOP (264) 47 70 71
PLUS (265) 48 62 63
MINUS (266) 49 53 64 65 78
STAR (267) 50 66 67
DIV (268) 51 68 69
AND (269) 45 74 75
OR (270) 46 76 77
NOT (271) 54 79
DOT (272) 58
TYPE (273) 9
LP (274) 19 20 30 31 32 52 55 56 80 81
RP (275) 19 20 30 31 32 52 55 56 80 81
LB (276) 17 57 82
RB (277) 17 18 57 82
LC (278) 11 24
RC (279) 11 24
STRUCT (280) 11 12
RETURN (281) 29
IF (282) 30 31 33
ELSE (283) 31 34
WHILE (284) 32 35
LOWER_THAN_ELSE (285)


Nonterminals, with rules where they appear

$accept (31)
    左： 0
Program (32)
    左： 1, 右： 0
ExtDefList (33)
    左： 2 3, 右： 1 2
ExtDef (34)
    左： 4 5 6, 右： 2
ExtDecList (35)
    左： 7 8, 右： 4 8
Specifier (36)
    左： 9 10, 右： 4 5 6 23 39
StructSpecifier (37)
    左： 11 12, 右： 10
OptTag (38)
    左： 13 14, 右： 11
Tag (39)
    左： 15, 右： 12
VarDec (40)
    左： 16 17 18, 右： 7 8 17 23 42 43
FunDec (41)
    左： 19 20, 右： 6
VarList (42)
    左： 21 22, 右： 19 21
ParamDec (43)
    左： 23, 右： 21 22
CompSt (44)
    左： 24, 右： 6 28
StmtList (45)
    左： 25 26, 右： 24 25
Stmt (46)
    左： 27 28 29 30 31 32 33 34 35 36, 右： 25 30 31 32
DefList (47)
    左： 37 38, 右： 11 24 37
Def (48)
    左： 39, 右： 37
DecList (49)
    左： 40 41, 右： 39 41
Dec (50)
    左： 42 43, 右： 40 41
Exp (51)
    左： 44 45 46 47 48 49 50 51 52 53 54 55 56 57 58 59 60 61 62
    63 64 65 66 67 68 69 70 71 72 73 74 75 76 77 78 79 80 81 82, 右：
    27 29 30 31 32 43 44 45 46 47 48 49 50 51 52 53 54 57 58 62 63
    64 65 66 67 68 69 70 71 72 73 74 75 76 77 80 82 83 84
Args (52)
    左： 83 84, 右： 55 83


State 0

    0 $accept: . Program $end

    TYPE    shift, and go to state 1
    STRUCT  shift, and go to state 2

    $default  reduce using rule 3 (ExtDefList)

    Program          转到状态 3
    ExtDefList       转到状态 4
    ExtDef           转到状态 5
    Specifier        转到状态 6
    StructSpecifier  转到状态 7


State 1

    9 Specifier: TYPE .

    $default  reduce using rule 9 (Specifier)


State 2

   11 StructSpecifier: STRUCT . OptTag LC DefList RC
   12                | STRUCT . Tag

    ID  shift, and go to state 8

    $default  reduce using rule 14 (OptTag)

    OptTag  转到状态 9
    Tag     转到状态 10


State 3

    0 $accept: Program . $end

    $end  shift, and go to state 11


State 4

    1 Program: ExtDefList .

    $default  reduce using rule 1 (Program)


State 5

    2 ExtDefList: ExtDef . ExtDefList

    TYPE    shift, and go to state 1
    STRUCT  shift, and go to state 2

    $default  reduce using rule 3 (ExtDefList)

    ExtDefList       转到状态 12
    ExtDef           转到状态 5
    Specifier        转到状态 6
    StructSpecifier  转到状态 7


State 6

    4 ExtDef: Specifier . ExtDecList SEMI
    5       | Specifier . SEMI
    6       | Specifier . FunDec CompSt

    error  shift, and go to state 13
    ID     shift, and go to state 14
    SEMI   shift, and go to state 15

    ExtDecList  转到状态 16
    VarDec      转到状态 17
    FunDec      转到状态 18


State 7

   10 Specifier: StructSpecifier .

    $default  reduce using rule 10 (Specifier)


State 8

   13 OptTag: ID .
   15 Tag: ID .

    LC        reduce using rule 13 (OptTag)
    $default  reduce using rule 15 (Tag)


State 9

   11 StructSpecifier: STRUCT OptTag . LC DefList RC

    LC  shift, and go to state 19


State 10

   12 StructSpecifier: STRUCT Tag .

    $default  reduce using rule 12 (StructSpecifier)


State 11

    0 $accept: Program $end .

    $default  接受


State 12

    2 ExtDefList: ExtDef ExtDefList .

    $default  reduce using rule 2 (ExtDefList)


State 13

   18 VarDec: error . RB

    RB  shift, and go to state 20


State 14

   16 VarDec: ID .
   19 FunDec: ID . LP VarList RP
   20       | ID . LP RP

    LP  shift, and go to state 21

    $default  reduce using rule 16 (VarDec)


State 15

    5 ExtDef: Specifier SEMI .

    $default  reduce using rule 5 (ExtDef)


State 16

    4 ExtDef: Specifier ExtDecList . SEMI

    SEMI  shift, and go to state 22


State 17

    7 ExtDecList: VarDec .
    8           | VarDec . COMMA ExtDecList
   17 VarDec: VarDec . LB INT RB

    COMMA  shift, and go to state 23
    LB     shift, and go to state 24

    $default  reduce using rule 7 (ExtDecList)


State 18

    6 ExtDef: Specifier FunDec . CompSt

    LC  shift, and go to state 25

    CompSt  转到状态 26


State 19

   11 StructSpecifier: STRUCT OptTag LC . DefList RC

    TYPE    shift, and go to state 1
    STRUCT  shift, and go to state 2

    $default  reduce using rule 38 (DefList)

    Specifier        转到状态 27
    StructSpecifier  转到状态 7
    DefList          转到状态 28
    Def              转到状态 29


State 20

   18 VarDec: error RB .

    $default  reduce using rule 18 (VarDec)


State 21

   19 FunDec: ID LP . VarList RP
   20       | ID LP . RP

    TYPE    shift, and go to state 1
    RP      shift, and go to state 30
    STRUCT  shift, and go to state 2

    Specifier        转到状态 31
    StructSpecifier  转到状态 7
    VarList          转到状态 32
    ParamDec         转到状态 33


State 22

    4 ExtDef: Specifier ExtDecList SEMI .

    $default  reduce using rule 4 (ExtDef)


State 23

    8 ExtDecList: VarDec COMMA . ExtDecList

    error  shift, and go to state 13
    ID     shift, and go to state 34

    ExtDecList  转到状态 35
    VarDec      转到状态 17


State 24

   17 VarDec: VarDec LB . INT RB

    INT  shift, and go to state 36


State 25

   24 CompSt: LC . DefList StmtList RC

    TYPE    shift, and go to state 1
    STRUCT  shift, and go to state 2

    $default  reduce using rule 38 (DefList)

    Specifier        转到状态 27
    StructSpecifier  转到状态 7
    DefList          转到状态 37
    Def              转到状态 29


State 26

    6 ExtDef: Specifier FunDec CompSt .

    $default  reduce using rule 6 (ExtDef)


State 27

   39 Def: Specifier . DecList SEMI

    error  shift, and go to state 13
    ID     shift, and go to state 34

    VarDec   转到状态 38
    DecList  转到状态 39
    Dec      转到状态 40


State 28

   11 StructSpecifier: STRUCT OptTag LC DefList . RC

    RC  shift, and go to state 41


State 29

   37 DefList: Def . DefList

    TYPE    shift, and go to state 1
    STRUCT  shift, and go to state 2

    $default  reduce using rule 38 (DefList)

    Specifier        转到状态 27
    StructSpecifier  转到状态 7
    DefList          转到状态 42
    Def              转到状态 29


State 30

   20 FunDec: ID LP RP .

    $default  reduce using rule 20 (FunDec)


State 31

   23 ParamDec: Specifier . VarDec

    error  shift, and go to state 13
    ID     shift, and go to state 34

    VarDec  转到状态 43


State 32

   19 FunDec: ID LP VarList . RP

    RP  shift, and go to state 44


State 33

   21 VarList: ParamDec . COMMA VarList
   22        | ParamDec .

    COMMA  shift, and go to state 45

    $default  reduce using rule 22 (VarList)


State 34

   16 VarDec: ID .

    $default  reduce using rule 16 (VarDec)


State 35

    8 ExtDecList: VarDec COMMA ExtDecList .

    $default  reduce using rule 8 (ExtDecList)


State 36

   17 VarDec: VarDec LB INT . RB

    RB  shift, and go to state 46


State 37

   24 CompSt: LC DefList . StmtList RC

    error   shift, and go to state 47
    INT     shift, and go to state 48
    FLOAT   shift, and go to state 49
    ID      shift, and go to state 50
    MINUS   shift, and go to state 51
    NOT     shift, and go to state 52
    LP      shift, and go to state 53
    LC      shift, and go to state 25
    RETURN  shift, and go to state 54
    IF      shift, and go to state 55
    WHILE   shift, and go to state 56

    RC  reduce using rule 26 (StmtList)

    CompSt    转到状态 57
    StmtList  转到状态 58
    Stmt      转到状态 59
    Exp       转到状态 60


State 38

   17 VarDec: VarDec . LB INT RB
   42 Dec: VarDec .
   43    | VarDec . ASSIGNOP Exp

    ASSIGNOP  shift, and go to state 61
    LB        shift, and go to state 24

    $default  reduce using rule 42 (Dec)


State 39

   39 Def: Specifier DecList . SEMI

    SEMI  shift, and go to state 62


State 40

   40 DecList: Dec .
   41        | Dec . COMMA DecList

    COMMA  shift, and go to state 63

    $default  reduce using rule 40 (DecList)


State 41

   11 StructSpecifier: STRUCT OptTag LC DefList RC .

    $default  reduce using rule 11 (StructSpecifier)


State 42

   37 DefList: Def DefList .

    $default  reduce using rule 37 (DefList)


State 43

   17 VarDec: VarDec . LB INT RB
   23 ParamDec: Specifier VarDec .

    LB  shift, and go to state 24

    $default  reduce using rule 23 (ParamDec)


State 44

   19 FunDec: ID LP VarList RP .

    $default  reduce using rule 19 (FunDec)


State 45

   21 VarList: ParamDec COMMA . VarList

    TYPE    shift, and go to state 1
    STRUCT  shift, and go to state 2

    Specifier        转到状态 31
    StructSpecifier  转到状态 7
    VarList          转到状态 64
    ParamDec         转到状态 33


State 46

   17 VarDec: VarDec LB INT RB .

    $default  reduce using rule 17 (VarDec)


State 47

   33 Stmt: error . IF
   34     | error . ELSE
   35     | error . WHILE
   36     | error . SEMI
   63 Exp: error . PLUS Exp
   65    | error . MINUS Exp
   67    | error . STAR Exp
   69    | error . DIV Exp
   71    | error . RELOP Exp
   73    | error . ASSIGNOP Exp
   75    | error . AND Exp
   77    | error . OR Exp

    SEMI      shift, and go to state 65
    ASSIGNOP  shift, and go to state 66
    RELOP     shift, and go to state 67
    PLUS      shift, and go to state 68
    MINUS     shift, and go to state 69
    STAR      shift, and go to state 70
    DIV       shift, and go to state 71
    AND       shift, and go to state 72
    OR        shift, and go to state 73
    IF        shift, and go to state 74
    ELSE      shift, and go to state 75
    WHILE     shift, and go to state 76


State 48

   60 Exp: INT .

    $default  reduce using rule 60 (Exp)


State 49

   61 Exp: FLOAT .

    $default  reduce using rule 61 (Exp)


State 50

   55 Exp: ID . LP Args RP
   56    | ID . LP RP
   59    | ID .

    LP  shift, and go to state 77

    $default  reduce using rule 59 (Exp)


State 51

   53 Exp: MINUS . Exp
   78    | MINUS . error

    error  shift, and go to state 78
    INT    shift, and go to state 48
    FLOAT  shift, and go to state 49
    ID     shift, and go to state 50
    MINUS  shift, and go to state 51
    NOT    shift, and go to state 52
    LP     shift, and go to state 53

    Exp  转到状态 79


State 52

   54 Exp: NOT . Exp
   79    | NOT . error

    error  shift, and go to state 80
    INT    shift, and go to state 48
    FLOAT  shift, and go to state 49
    ID     shift, and go to state 50
    MINUS  shift, and go to state 51
    NOT    shift, and go to state 52
    LP     shift, and go to state 53

    Exp  转到状态 81


State 53

   52 Exp: LP . Exp RP
   80    | LP . Exp error RP
   81    | LP . error RP

    error  shift, and go to state 82
    INT    shift, and go to state 48
    FLOAT  shift, and go to state 49
    ID     shift, and go to state 50
    MINUS  shift, and go to state 51
    NOT    shift, and go to state 52
    LP     shift, and go to state 53

    Exp  转到状态 83


State 54

   29 Stmt: RETURN . Exp SEMI

    error  shift, and go to state 84
    INT    shift, and go to state 48
    FLOAT  shift, and go to state 49
    ID     shift, and go to state 50
    MINUS  shift, and go to state 51
    NOT    shift, and go to state 52
    LP     shift, and go to state 53

    Exp  转到状态 85


State 55

   30 Stmt: IF . LP Exp RP Stmt
   31     | IF . LP Exp RP Stmt ELSE Stmt

    LP  shift, and go to state 86


State 56

   32 Stmt: WHILE . LP Exp RP Stmt

    LP  shift, and go to state 87


State 57

   28 Stmt: CompSt .

    $default  reduce using rule 28 (Stmt)


State 58

   24 CompSt: LC DefList StmtList . RC

    RC  shift, and go to state 88


State 59

   25 StmtList: Stmt . StmtList

    error   shift, and go to state 47
    INT     shift, and go to state 48
    FLOAT   shift, and go to state 49
    ID      shift, and go to state 50
    MINUS   shift, and go to state 51
    NOT     shift, and go to state 52
    LP      shift, and go to state 53
    LC      shift, and go to state 25
    RETURN  shift, and go to state 54
    IF      shift, and go to state 55
    WHILE   shift, and go to state 56

    RC  reduce using rule 26 (StmtList)

    CompSt    转到状态 57
    StmtList  转到状态 89
    Stmt      转到状态 59
    Exp       转到状态 60


State 60

   27 Stmt: Exp . SEMI
   44 Exp: Exp . ASSIGNOP Exp
   45    | Exp . AND Exp
   46    | Exp . OR Exp
   47    | Exp . RELOP Exp
   48    | Exp . PLUS Exp
   49    | Exp . MINUS Exp
   50    | Exp . STAR Exp
   51    | Exp . DIV Exp
   57    | Exp . LB Exp RB
   58    | Exp . DOT ID
   62    | Exp . PLUS error
   64    | Exp . MINUS error
   66    | Exp . STAR error
   68    | Exp . DIV error
   70    | Exp . RELOP error
   72    | Exp . ASSIGNOP error
   74    | Exp . AND error
   76    | Exp . OR error
   82    | Exp . LB error RB

    SEMI      shift, and go to state 90
    ASSIGNOP  shift, and go to state 91
    RELOP     shift, and go to state 92
    PLUS      shift, and go to state 93
    MINUS     shift, and go to state 94
    STAR      shift, and go to state 95
    DIV       shift, and go to state 96
    AND       shift, and go to state 97
    OR        shift, and go to state 98
    DOT       shift, and go to state 99
    LB        shift, and go to state 100


State 61

   43 Dec: VarDec ASSIGNOP . Exp

    error  shift, and go to state 84
    INT    shift, and go to state 48
    FLOAT  shift, and go to state 49
    ID     shift, and go to state 50
    MINUS  shift, and go to state 51
    NOT    shift, and go to state 52
    LP     shift, and go to state 53

    Exp  转到状态 101


State 62

   39 Def: Specifier DecList SEMI .

    $default  reduce using rule 39 (Def)


State 63

   41 DecList: Dec COMMA . DecList

    error  shift, and go to state 13
    ID     shift, and go to state 34

    VarDec   转到状态 38
    DecList  转到状态 102
    Dec      转到状态 40


State 64

   21 VarList: ParamDec COMMA VarList .

    $default  reduce using rule 21 (VarList)


State 65

   36 Stmt: error SEMI .

    $default  reduce using rule 36 (Stmt)


State 66

   73 Exp: error ASSIGNOP . Exp

    error  shift, and go to state 84
    INT    shift, and go to state 48
    FLOAT  shift, and go to state 49
    ID     shift, and go to state 50
    MINUS  shift, and go to state 51
    NOT    shift, and go to state 52
    LP     shift, and go to state 53

    Exp  转到状态 103


State 67

   71 Exp: error RELOP . Exp

    error  shift, and go to state 84
    INT    shift, and go to state 48
    FLOAT  shift, and go to state 49
    ID     shift, and go to state 50
    MINUS  shift, and go to state 51
    NOT    shift, and go to state 52
    LP     shift, and go to state 53

    Exp  转到状态 104


State 68

   63 Exp: error PLUS . Exp

    error  shift, and go to state 84
    INT    shift, and go to state 48
    FLOAT  shift, and go to state 49
    ID     shift, and go to state 50
    MINUS  shift, and go to state 51
    NOT    shift, and go to state 52
    LP     shift, and go to state 53

    Exp  转到状态 105


State 69

   65 Exp: error MINUS . Exp

    error  shift, and go to state 84
    INT    shift, and go to state 48
    FLOAT  shift, and go to state 49
    ID     shift, and go to state 50
    MINUS  shift, and go to state 51
    NOT    shift, and go to state 52
    LP     shift, and go to state 53

    Exp  转到状态 106


State 70

   67 Exp: error STAR . Exp

    error  shift, and go to state 84
    INT    shift, and go to state 48
    FLOAT  shift, and go to state 49
    ID     shift, and go to state 50
    MINUS  shift, and go to state 51
    NOT    shift, and go to state 52
    LP     shift, and go to state 53

    Exp  转到状态 107


State 71

   69 Exp: error DIV . Exp

    error  shift, and go to state 84
    INT    shift, and go to state 48
    FLOAT  shift, and go to state 49
    ID     shift, and go to state 50
    MINUS  shift, and go to state 51
    NOT    shift, and go to state 52
    LP     shift, and go to state 53

    Exp  转到状态 108


State 72

   75 Exp: error AND . Exp

    error  shift, and go to state 84
    INT    shift, and go to state 48
    FLOAT  shift, and go to state 49
    ID     shift, and go to state 50
    MINUS  shift, and go to state 51
    NOT    shift, and go to state 52
    LP     shift, and go to state 53

    Exp  转到状态 109


State 73

   77 Exp: error OR . Exp

    error  shift, and go to state 84
    INT    shift, and go to state 48
    FLOAT  shift, and go to state 49
    ID     shift, and go to state 50
    MINUS  shift, and go to state 51
    NOT    shift, and go to state 52
    LP     shift, and go to state 53

    Exp  转到状态 110


State 74

   33 Stmt: error IF .

    $default  reduce using rule 33 (Stmt)


State 75

   34 Stmt: error ELSE .

    $default  reduce using rule 34 (Stmt)


State 76

   35 Stmt: error WHILE .

    $default  reduce using rule 35 (Stmt)


State 77

   55 Exp: ID LP . Args RP
   56    | ID LP . RP

    error  shift, and go to state 84
    INT    shift, and go to state 48
    FLOAT  shift, and go to state 49
    ID     shift, and go to state 50
    MINUS  shift, and go to state 51
    NOT    shift, and go to state 52
    LP     shift, and go to state 53
    RP     shift, and go to state 111

    Exp   转到状态 112
    Args  转到状态 113


State 78

   63 Exp: error . PLUS Exp
   65    | error . MINUS Exp
   67    | error . STAR Exp
   69    | error . DIV Exp
   71    | error . RELOP Exp
   73    | error . ASSIGNOP Exp
   75    | error . AND Exp
   77    | error . OR Exp
   78    | MINUS error .

    ASSIGNOP  shift, and go to state 66
    RELOP     shift, and go to state 67
    PLUS      shift, and go to state 68
    MINUS     shift, and go to state 69
    STAR      shift, and go to state 70
    DIV       shift, and go to state 71
    AND       shift, and go to state 72
    OR        shift, and go to state 73

    ASSIGNOP  [reduce using rule 78 (Exp)]
    RELOP     [reduce using rule 78 (Exp)]
    PLUS      [reduce using rule 78 (Exp)]
    MINUS     [reduce using rule 78 (Exp)]
    STAR      [reduce using rule 78 (Exp)]
    DIV       [reduce using rule 78 (Exp)]
    AND       [reduce using rule 78 (Exp)]
    OR        [reduce using rule 78 (Exp)]
    $default  reduce using rule 78 (Exp)


State 79

   44 Exp: Exp . ASSIGNOP Exp
   45    | Exp . AND Exp
   46    | Exp . OR Exp
   47    | Exp . RELOP Exp
   48    | Exp . PLUS Exp
   49    | Exp . MINUS Exp
   50    | Exp . STAR Exp
   51    | Exp . DIV Exp
   53    | MINUS Exp .
   57    | Exp . LB Exp RB
   58    | Exp . DOT ID
   62    | Exp . PLUS error
   64    | Exp . MINUS error
   66    | Exp . STAR error
   68    | Exp . DIV error
   70    | Exp . RELOP error
   72    | Exp . ASSIGNOP error
   74    | Exp . AND error
   76    | Exp . OR error
   82    | Exp . LB error RB

    STAR  shift, and go to state 95
    DIV   shift, and go to state 96
    DOT   shift, and go to state 99
    LB    shift, and go to state 100

    $default  reduce using rule 53 (Exp)


State 80

   63 Exp: error . PLUS Exp
   65    | error . MINUS Exp
   67    | error . STAR Exp
   69    | error . DIV Exp
   71    | error . RELOP Exp
   73    | error . ASSIGNOP Exp
   75    | error . AND Exp
   77    | error . OR Exp
   79    | NOT error .

    ASSIGNOP  shift, and go to state 66
    RELOP     shift, and go to state 67
    PLUS      shift, and go to state 68
    MINUS     shift, and go to state 69
    STAR      shift, and go to state 70
    DIV       shift, and go to state 71
    AND       shift, and go to state 72
    OR        shift, and go to state 73

    ASSIGNOP  [reduce using rule 79 (Exp)]
    RELOP     [reduce using rule 79 (Exp)]
    PLUS      [reduce using rule 79 (Exp)]
    MINUS     [reduce using rule 79 (Exp)]
    STAR      [reduce using rule 79 (Exp)]
    DIV       [reduce using rule 79 (Exp)]
    AND       [reduce using rule 79 (Exp)]
    OR        [reduce using rule 79 (Exp)]
    $default  reduce using rule 79 (Exp)


State 81

   44 Exp: Exp . ASSIGNOP Exp
   45    | Exp . AND Exp
   46    | Exp . OR Exp
   47    | Exp . RELOP Exp
   48    | Exp . PLUS Exp
   49    | Exp . MINUS Exp
   50    | Exp . STAR Exp
   51    | Exp . DIV Exp
   54    | NOT Exp .
   57    | Exp . LB Exp RB
   58    | Exp . DOT ID
   62    | Exp . PLUS error
   64    | Exp . MINUS error
   66    | Exp . STAR error
   68    | Exp . DIV error
   70    | Exp . RELOP error
   72    | Exp . ASSIGNOP error
   74    | Exp . AND error
   76    | Exp . OR error
   82    | Exp . LB error RB

    DOT  shift, and go to state 99
    LB   shift, and go to state 100

    $default  reduce using rule 54 (Exp)


State 82

   63 Exp: error . PLUS Exp
   65    | error . MINUS Exp
   67    | error . STAR Exp
   69    | error . DIV Exp
   71    | error . RELOP Exp
   73    | error . ASSIGNOP Exp
   75    | error . AND Exp
   77    | error . OR Exp
   81    | LP error . RP

    ASSIGNOP  shift, and go to state 66
    RELOP     shift, and go to state 67
    PLUS      shift, and go to state 68
    MINUS     shift, and go to state 69
    STAR      shift, and go to state 70
    DIV       shift, and go to state 71
    AND       shift, and go to state 72
    OR        shift, and go to state 73
    RP        shift, and go to state 114


State 83

   44 Exp: Exp . ASSIGNOP Exp
   45    | Exp . AND Exp
   46    | Exp . OR Exp
   47    | Exp . RELOP Exp
   48    | Exp . PLUS Exp
   49    | Exp . MINUS Exp
   50    | Exp . STAR Exp
   51    | Exp . DIV Exp
   52    | LP Exp . RP
   57    | Exp . LB Exp RB
   58    | Exp . DOT ID
   62    | Exp . PLUS error
   64    | Exp . MINUS error
   66    | Exp . STAR error
   68    | Exp . DIV error
   70    | Exp . RELOP error
   72    | Exp . ASSIGNOP error
   74    | Exp . AND error
   76    | Exp . OR error
   80    | LP Exp . error RP
   82    | Exp . LB error RB

    error     shift, and go to state 115
    ASSIGNOP  shift, and go to state 91
    RELOP     shift, and go to state 92
    PLUS      shift, and go to state 93
    MINUS     shift, and go to state 94
    STAR      shift, and go to state 95
    DIV       shift, and go to state 96
    AND       shift, and go to state 97
    OR        shift, and go to state 98
    DOT       shift, and go to state 99
    RP        shift, and go to state 116
    LB        shift, and go to state 100


State 84

   63 Exp: error . PLUS Exp
   65    | error . MINUS Exp
   67    | error . STAR Exp
   69    | error . DIV Exp
   71    | error . RELOP Exp
   73    | error . ASSIGNOP Exp
   75    | error . AND Exp
   77    | error . OR Exp

    ASSIGNOP  shift, and go to state 66
    RELOP     shift, and go to state 67
    PLUS      shift, and go to state 68
    MINUS     shift, and go to state 69
    STAR      shift, and go to state 70
    DIV       shift, and go to state 71
    AND       shift, and go to state 72
    OR        shift, and go to state 73


State 85

   29 Stmt: RETURN Exp . SEMI
   44 Exp: Exp . ASSIGNOP Exp
   45    | Exp . AND Exp
   46    | Exp . OR Exp
   47    | Exp . RELOP Exp
   48    | Exp . PLUS Exp
   49    | Exp . MINUS Exp
   50    | Exp . STAR Exp
   51    | Exp . DIV Exp
   57    | Exp . LB Exp RB
   58    | Exp . DOT ID
   62    | Exp . PLUS error
   64    | Exp . MINUS error
   66    | Exp . STAR error
   68    | Exp . DIV error
   70    | Exp . RELOP error
   72    | Exp . ASSIGNOP error
   74    | Exp . AND error
   76    | Exp . OR error
   82    | Exp . LB error RB

    SEMI      shift, and go to state 117
    ASSIGNOP  shift, and go to state 91
    RELOP     shift, and go to state 92
    PLUS      shift, and go to state 93
    MINUS     shift, and go to state 94
    STAR      shift, and go to state 95
    DIV       shift, and go to state 96
    AND       shift, and go to state 97
    OR        shift, and go to state 98
    DOT       shift, and go to state 99
    LB        shift, and go to state 100


State 86

   30 Stmt: IF LP . Exp RP Stmt
   31     | IF LP . Exp RP Stmt ELSE Stmt

    error  shift, and go to state 84
    INT    shift, and go to state 48
    FLOAT  shift, and go to state 49
    ID     shift, and go to state 50
    MINUS  shift, and go to state 51
    NOT    shift, and go to state 52
    LP     shift, and go to state 53

    Exp  转到状态 118


State 87

   32 Stmt: WHILE LP . Exp RP Stmt

    error  shift, and go to state 84
    INT    shift, and go to state 48
    FLOAT  shift, and go to state 49
    ID     shift, and go to state 50
    MINUS  shift, and go to state 51
    NOT    shift, and go to state 52
    LP     shift, and go to state 53

    Exp  转到状态 119


State 88

   24 CompSt: LC DefList StmtList RC .

    $default  reduce using rule 24 (CompSt)


State 89

   25 StmtList: Stmt StmtList .

    $default  reduce using rule 25 (StmtList)


State 90

   27 Stmt: Exp SEMI .

    $default  reduce using rule 27 (Stmt)


State 91

   44 Exp: Exp ASSIGNOP . Exp
   72    | Exp ASSIGNOP . error

    error  shift, and go to state 120
    INT    shift, and go to state 48
    FLOAT  shift, and go to state 49
    ID     shift, and go to state 50
    MINUS  shift, and go to state 51
    NOT    shift, and go to state 52
    LP     shift, and go to state 53

    Exp  转到状态 121


State 92

   47 Exp: Exp RELOP . Exp
   70    | Exp RELOP . error

    error  shift, and go to state 122
    INT    shift, and go to state 48
    FLOAT  shift, and go to state 49
    ID     shift, and go to state 50
    MINUS  shift, and go to state 51
    NOT    shift, and go to state 52
    LP     shift, and go to state 53

    Exp  转到状态 123


State 93

   48 Exp: Exp PLUS . Exp
   62    | Exp PLUS . error

    error  shift, and go to state 124
    INT    shift, and go to state 48
    FLOAT  shift, and go to state 49
    ID     shift, and go to state 50
    MINUS  shift, and go to state 51
    NOT    shift, and go to state 52
    LP     shift, and go to state 53

    Exp  转到状态 125


State 94

   49 Exp: Exp MINUS . Exp
   64    | Exp MINUS . error

    error  shift, and go to state 126
    INT    shift, and go to state 48
    FLOAT  shift, and go to state 49
    ID     shift, and go to state 50
    MINUS  shift, and go to state 51
    NOT    shift, and go to state 52
    LP     shift, and go to state 53

    Exp  转到状态 127


State 95

   50 Exp: Exp STAR . Exp
   66    | Exp STAR . error

    error  shift, and go to state 128
    INT    shift, and go to state 48
    FLOAT  shift, and go to state 49
    ID     shift, and go to state 50
    MINUS  shift, and go to state 51
    NOT    shift, and go to state 52
    LP     shift, and go to state 53

    Exp  转到状态 129


State 96

   51 Exp: Exp DIV . Exp
   68    | Exp DIV . error

    error  shift, and go to state 130
    INT    shift, and go to state 48
    FLOAT  shift, and go to state 49
    ID     shift, and go to state 50
    MINUS  shift, and go to state 51
    NOT    shift, and go to state 52
    LP     shift, and go to state 53

    Exp  转到状态 131


State 97

   45 Exp: Exp AND . Exp
   74    | Exp AND . error

    error  shift, and go to state 132
    INT    shift, and go to state 48
    FLOAT  shift, and go to state 49
    ID     shift, and go to state 50
    MINUS  shift, and go to state 51
    NOT    shift, and go to state 52
    LP     shift, and go to state 53

    Exp  转到状态 133


State 98

   46 Exp: Exp OR . Exp
   76    | Exp OR . error

    error  shift, and go to state 134
    INT    shift, and go to state 48
    FLOAT  shift, and go to state 49
    ID     shift, and go to state 50
    MINUS  shift, and go to state 51
    NOT    shift, and go to state 52
    LP     shift, and go to state 53

    Exp  转到状态 135


State 99

   58 Exp: Exp DOT . ID

    ID  shift, and go to state 136


State 100

   57 Exp: Exp LB . Exp RB
   82    | Exp LB . error RB

    error  shift, and go to state 137
    INT    shift, and go to state 48
    FLOAT  shift, and go to state 49
    ID     shift, and go to state 50
    MINUS  shift, and go to state 51
    NOT    shift, and go to state 52
    LP     shift, and go to state 53

    Exp  转到状态 138


State 101

   43 Dec: VarDec ASSIGNOP Exp .
   44 Exp: Exp . ASSIGNOP Exp
   45    | Exp . AND Exp
   46    | Exp . OR Exp
   47    | Exp . RELOP Exp
   48    | Exp . PLUS Exp
   49    | Exp . MINUS Exp
   50    | Exp . STAR Exp
   51    | Exp . DIV Exp
   57    | Exp . LB Exp RB
   58    | Exp . DOT ID
   62    | Exp . PLUS error
   64    | Exp . MINUS error
   66    | Exp . STAR error
   68    | Exp . DIV error
   70    | Exp . RELOP error
   72    | Exp . ASSIGNOP error
   74    | Exp . AND error
   76    | Exp . OR error
   82    | Exp . LB error RB

    ASSIGNOP  shift, and go to state 91
    RELOP     shift, and go to state 92
    PLUS      shift, and go to state 93
    MINUS     shift, and go to state 94
    STAR      shift, and go to state 95
    DIV       shift, and go to state 96
    AND       shift, and go to state 97
    OR        shift, and go to state 98
    DOT       shift, and go to state 99
    LB        shift, and go to state 100

    $default  reduce using rule 43 (Dec)


State 102

   41 DecList: Dec COMMA DecList .

    $default  reduce using rule 41 (DecList)


State 103

   44 Exp: Exp . ASSIGNOP Exp
   45    | Exp . AND Exp
   46    | Exp . OR Exp
   47    | Exp . RELOP Exp
   48    | Exp . PLUS Exp
   49    | Exp . MINUS Exp
   50    | Exp . STAR Exp
   51    | Exp . DIV Exp
   57    | Exp . LB Exp RB
   58    | Exp . DOT ID
   62    | Exp . PLUS error
   64    | Exp . MINUS error
   66    | Exp . STAR error
   68    | Exp . DIV error
   70    | Exp . RELOP error
   72    | Exp . ASSIGNOP error
   73    | error ASSIGNOP Exp .
   74    | Exp . AND error
   76    | Exp . OR error
   82    | Exp . LB error RB

    ASSIGNOP  shift, and go to state 91
    RELOP     shift, and go to state 92
    PLUS      shift, and go to state 93
    MINUS     shift, and go to state 94
    STAR      shift, and go to state 95
    DIV       shift, and go to state 96
    AND       shift, and go to state 97
    OR        shift, and go to state 98
    DOT       shift, and go to state 99
    LB        shift, and go to state 100

    $default  reduce using rule 73 (Exp)


State 104

   44 Exp: Exp . ASSIGNOP Exp
   45    | Exp . AND Exp
   46    | Exp . OR Exp
   47    | Exp . RELOP Exp
   48    | Exp . PLUS Exp
   49    | Exp . MINUS Exp
   50    | Exp . STAR Exp
   51    | Exp . DIV Exp
   57    | Exp . LB Exp RB
   58    | Exp . DOT ID
   62    | Exp . PLUS error
   64    | Exp . MINUS error
   66    | Exp . STAR error
   68    | Exp . DIV error
   70    | Exp . RELOP error
   71    | error RELOP Exp .
   72    | Exp . ASSIGNOP error
   74    | Exp . AND error
   76    | Exp . OR error
   82    | Exp . LB error RB

    PLUS   shift, and go to state 93
    MINUS  shift, and go to state 94
    STAR   shift, and go to state 95
    DIV    shift, and go to state 96
    DOT    shift, and go to state 99
    LB     shift, and go to state 100

    $default  reduce using rule 71 (Exp)


State 105

   44 Exp: Exp . ASSIGNOP Exp
   45    | Exp . AND Exp
   46    | Exp . OR Exp
   47    | Exp . RELOP Exp
   48    | Exp . PLUS Exp
   49    | Exp . MINUS Exp
   50    | Exp . STAR Exp
   51    | Exp . DIV Exp
   57    | Exp . LB Exp RB
   58    | Exp . DOT ID
   62    | Exp . PLUS error
   63    | error PLUS Exp .
   64    | Exp . MINUS error
   66    | Exp . STAR error
   68    | Exp . DIV error
   70    | Exp . RELOP error
   72    | Exp . ASSIGNOP error
   74    | Exp . AND error
   76    | Exp . OR error
   82    | Exp . LB error RB

    STAR  shift, and go to state 95
    DIV   shift, and go to state 96
    DOT   shift, and go to state 99
    LB    shift, and go to state 100

    $default  reduce using rule 63 (Exp)


State 106

   44 Exp: Exp . ASSIGNOP Exp
   45    | Exp . AND Exp
   46    | Exp . OR Exp
   47    | Exp . RELOP Exp
   48    | Exp . PLUS Exp
   49    | Exp . MINUS Exp
   50    | Exp . STAR Exp
   51    | Exp . DIV Exp
   57    | Exp . LB Exp RB
   58    | Exp . DOT ID
   62    | Exp . PLUS error
   64    | Exp . MINUS error
   65    | error MINUS Exp .
   66    | Exp . STAR error
   68    | Exp . DIV error
   70    | Exp . RELOP error
   72    | Exp . ASSIGNOP error
   74    | Exp . AND error
   76    | Exp . OR error
   82    | Exp . LB error RB

    STAR  shift, and go to state 95
    DIV   shift, and go to state 96
    DOT   shift, and go to state 99
    LB    shift, and go to state 100

    $default  reduce using rule 65 (Exp)


State 107

   44 Exp: Exp . ASSIGNOP Exp
   45    | Exp . AND Exp
   46    | Exp . OR Exp
   47    | Exp . RELOP Exp
   48    | Exp . PLUS Exp
   49    | Exp . MINUS Exp
   50    | Exp . STAR Exp
   51    | Exp . DIV Exp
   57    | Exp . LB Exp RB
   58    | Exp . DOT ID
   62    | Exp . PLUS error
   64    | Exp . MINUS error
   66    | Exp . STAR error
   67    | error STAR Exp .
   68    | Exp . DIV error
   70    | Exp . RELOP error
   72    | Exp . ASSIGNOP error
   74    | Exp . AND error
   76    | Exp . OR error
   82    | Exp . LB error RB

    DOT  shift, and go to state 99
    LB   shift, and go to state 100

    $default  reduce using rule 67 (Exp)


State 108

   44 Exp: Exp . ASSIGNOP Exp
   45    | Exp . AND Exp
   46    | Exp . OR Exp
   47    | Exp . RELOP Exp
   48    | Exp . PLUS Exp
   49    | Exp . MINUS Exp
   50    | Exp . STAR Exp
   51    | Exp . DIV Exp
   57    | Exp . LB Exp RB
   58    | Exp . DOT ID
   62    | Exp . PLUS error
   64    | Exp . MINUS error
   66    | Exp . STAR error
   68    | Exp . DIV error
   69    | error DIV Exp .
   70    | Exp . RELOP error
   72    | Exp . ASSIGNOP error
   74    | Exp . AND error
   76    | Exp . OR error
   82    | Exp . LB error RB

    DOT  shift, and go to state 99
    LB   shift, and go to state 100

    $default  reduce using rule 69 (Exp)


State 109

   44 Exp: Exp . ASSIGNOP Exp
   45    | Exp . AND Exp
   46    | Exp . OR Exp
   47    | Exp . RELOP Exp
   48    | Exp . PLUS Exp
   49    | Exp . MINUS Exp
   50    | Exp . STAR Exp
   51    | Exp . DIV Exp
   57    | Exp . LB Exp RB
   58    | Exp . DOT ID
   62    | Exp . PLUS error
   64    | Exp . MINUS error
   66    | Exp . STAR error
   68    | Exp . DIV error
   70    | Exp . RELOP error
   72    | Exp . ASSIGNOP error
   74    | Exp . AND error
   75    | error AND Exp .
   76    | Exp . OR error
   82    | Exp . LB error RB

    RELOP  shift, and go to state 92
    PLUS   shift, and go to state 93
    MINUS  shift, and go to state 94
    STAR   shift, and go to state 95
    DIV    shift, and go to state 96
    DOT    shift, and go to state 99
    LB     shift, and go to state 100

    $default  reduce using rule 75 (Exp)


State 110

   44 Exp: Exp . ASSIGNOP Exp
   45    | Exp . AND Exp
   46    | Exp . OR Exp
   47    | Exp . RELOP Exp
   48    | Exp . PLUS Exp
   49    | Exp . MINUS Exp
   50    | Exp . STAR Exp
   51    | Exp . DIV Exp
   57    | Exp . LB Exp RB
   58    | Exp . DOT ID
   62    | Exp . PLUS error
   64    | Exp . MINUS error
   66    | Exp . STAR error
   68    | Exp . DIV error
   70    | Exp . RELOP error
   72    | Exp . ASSIGNOP error
   74    | Exp . AND error
   76    | Exp . OR error
   77    | error OR Exp .
   82    | Exp . LB error RB

    RELOP  shift, and go to state 92
    PLUS   shift, and go to state 93
    MINUS  shift, and go to state 94
    STAR   shift, and go to state 95
    DIV    shift, and go to state 96
    AND    shift, and go to state 97
    DOT    shift, and go to state 99
    LB     shift, and go to state 100

    $default  reduce using rule 77 (Exp)


State 111

   56 Exp: ID LP RP .

    $default  reduce using rule 56 (Exp)


State 112

   44 Exp: Exp . ASSIGNOP Exp
   45    | Exp . AND Exp
   46    | Exp . OR Exp
   47    | Exp . RELOP Exp
   48    | Exp . PLUS Exp
   49    | Exp . MINUS Exp
   50    | Exp . STAR Exp
   51    | Exp . DIV Exp
   57    | Exp . LB Exp RB
   58    | Exp . DOT ID
   62    | Exp . PLUS error
   64    | Exp . MINUS error
   66    | Exp . STAR error
   68    | Exp . DIV error
   70    | Exp . RELOP error
   72    | Exp . ASSIGNOP error
   74    | Exp . AND error
   76    | Exp . OR error
   82    | Exp . LB error RB
   83 Args: Exp . COMMA Args
   84     | Exp .

    COMMA     shift, and go to state 139
    ASSIGNOP  shift, and go to state 91
    RELOP     shift, and go to state 92
    PLUS      shift, and go to state 93
    MINUS     shift, and go to state 94
    STAR      shift, and go to state 95
    DIV       shift, and go to state 96
    AND       shift, and go to state 97
    OR        shift, and go to state 98
    DOT       shift, and go to state 99
    LB        shift, and go to state 100

    $default  reduce using rule 84 (Args)


State 113

   55 Exp: ID LP Args . RP

    RP  shift, and go to state 140


State 114

   81 Exp: LP error RP .

    $default  reduce using rule 81 (Exp)


State 115

   80 Exp: LP Exp error . RP

    RP  shift, and go to state 141


State 116

   52 Exp: LP Exp RP .

    $default  reduce using rule 52 (Exp)


State 117

   29 Stmt: RETURN Exp SEMI .

    $default  reduce using rule 29 (Stmt)


State 118

   30 Stmt: IF LP Exp . RP Stmt
   31     | IF LP Exp . RP Stmt ELSE Stmt
   44 Exp: Exp . ASSIGNOP Exp
   45    | Exp . AND Exp
   46    | Exp . OR Exp
   47    | Exp . RELOP Exp
   48    | Exp . PLUS Exp
   49    | Exp . MINUS Exp
   50    | Exp . STAR Exp
   51    | Exp . DIV Exp
   57    | Exp . LB Exp RB
   58    | Exp . DOT ID
   62    | Exp . PLUS error
   64    | Exp . MINUS error
   66    | Exp . STAR error
   68    | Exp . DIV error
   70    | Exp . RELOP error
   72    | Exp . ASSIGNOP error
   74    | Exp . AND error
   76    | Exp . OR error
   82    | Exp . LB error RB

    ASSIGNOP  shift, and go to state 91
    RELOP     shift, and go to state 92
    PLUS      shift, and go to state 93
    MINUS     shift, and go to state 94
    STAR      shift, and go to state 95
    DIV       shift, and go to state 96
    AND       shift, and go to state 97
    OR        shift, and go to state 98
    DOT       shift, and go to state 99
    RP        shift, and go to state 142
    LB        shift, and go to state 100


State 119

   32 Stmt: WHILE LP Exp . RP Stmt
   44 Exp: Exp . ASSIGNOP Exp
   45    | Exp . AND Exp
   46    | Exp . OR Exp
   47    | Exp . RELOP Exp
   48    | Exp . PLUS Exp
   49    | Exp . MINUS Exp
   50    | Exp . STAR Exp
   51    | Exp . DIV Exp
   57    | Exp . LB Exp RB
   58    | Exp . DOT ID
   62    | Exp . PLUS error
   64    | Exp . MINUS error
   66    | Exp . STAR error
   68    | Exp . DIV error
   70    | Exp . RELOP error
   72    | Exp . ASSIGNOP error
   74    | Exp . AND error
   76    | Exp . OR error
   82    | Exp . LB error RB

    ASSIGNOP  shift, and go to state 91
    RELOP     shift, and go to state 92
    PLUS      shift, and go to state 93
    MINUS     shift, and go to state 94
    STAR      shift, and go to state 95
    DIV       shift, and go to state 96
    AND       shift, and go to state 97
    OR        shift, and go to state 98
    DOT       shift, and go to state 99
    RP        shift, and go to state 143
    LB        shift, and go to state 100


State 120

   63 Exp: error . PLUS Exp
   65    | error . MINUS Exp
   67    | error . STAR Exp
   69    | error . DIV Exp
   71    | error . RELOP Exp
   72    | Exp ASSIGNOP error .
   73    | error . ASSIGNOP Exp
   75    | error . AND Exp
   77    | error . OR Exp

    ASSIGNOP  shift, and go to state 66
    RELOP     shift, and go to state 67
    PLUS      shift, and go to state 68
    MINUS     shift, and go to state 69
    STAR      shift, and go to state 70
    DIV       shift, and go to state 71
    AND       shift, and go to state 72
    OR        shift, and go to state 73

    ASSIGNOP  [reduce using rule 72 (Exp)]
    RELOP     [reduce using rule 72 (Exp)]
    PLUS      [reduce using rule 72 (Exp)]
    MINUS     [reduce using rule 72 (Exp)]
    STAR      [reduce using rule 72 (Exp)]
    DIV       [reduce using rule 72 (Exp)]
    AND       [reduce using rule 72 (Exp)]
    OR        [reduce using rule 72 (Exp)]
    $default  reduce using rule 72 (Exp)


State 121

   44 Exp: Exp . ASSIGNOP Exp
   44    | Exp ASSIGNOP Exp .
   45    | Exp . AND Exp
   46    | Exp . OR Exp
   47    | Exp . RELOP Exp
   48    | Exp . PLUS Exp
   49    | Exp . MINUS Exp
   50    | Exp . STAR Exp
   51    | Exp . DIV Exp
   57    | Exp . LB Exp RB
   58    | Exp . DOT ID
   62    | Exp . PLUS error
   64    | Exp . MINUS error
   66    | Exp . STAR error
   68    | Exp . DIV error
   70    | Exp . RELOP error
   72    | Exp . ASSIGNOP error
   74    | Exp . AND error
   76    | Exp . OR error
   82    | Exp . LB error RB

    ASSIGNOP  shift, and go to state 91
    RELOP     shift, and go to state 92
    PLUS      shift, and go to state 93
    MINUS     shift, and go to state 94
    STAR      shift, and go to state 95
    DIV       shift, and go to state 96
    AND       shift, and go to state 97
    OR        shift, and go to state 98
    DOT       shift, and go to state 99
    LB        shift, and go to state 100

    $default  reduce using rule 44 (Exp)


State 122

   63 Exp: error . PLUS Exp
   65    | error . MINUS Exp
   67    | error . STAR Exp
   69    | error . DIV Exp
   70    | Exp RELOP error .
   71    | error . RELOP Exp
   73    | error . ASSIGNOP Exp
   75    | error . AND Exp
   77    | error . OR Exp

    ASSIGNOP  shift, and go to state 66
    RELOP     shift, and go to state 67
    PLUS      shift, and go to state 68
    MINUS     shift, and go to state 69
    STAR      shift, and go to state 70
    DIV       shift, and go to state 71
    AND       shift, and go to state 72
    OR        shift, and go to state 73

    ASSIGNOP  [reduce using rule 70 (Exp)]
    RELOP     [reduce using rule 70 (Exp)]
    PLUS      [reduce using rule 70 (Exp)]
    MINUS     [reduce using rule 70 (Exp)]
    STAR      [reduce using rule 70 (Exp)]
    DIV       [reduce using rule 70 (Exp)]
    AND       [reduce using rule 70 (Exp)]
    OR        [reduce using rule 70 (Exp)]
    $default  reduce using rule 70 (Exp)


State 123

   44 Exp: Exp . ASSIGNOP Exp
   45    | Exp . AND Exp
   46    | Exp . OR Exp
   47    | Exp . RELOP Exp
   47    | Exp RELOP Exp .
   48    | Exp . PLUS Exp
   49    | Exp . MINUS Exp
   50    | Exp . STAR Exp
   51    | Exp . DIV Exp
   57    | Exp . LB Exp RB
   58    | Exp . DOT ID
   62    | Exp . PLUS error
   64    | Exp . MINUS error
   66    | Exp . STAR error
   68    | Exp . DIV error
   70    | Exp . RELOP error
   72    | Exp . ASSIGNOP error
   74    | Exp . AND error
   76    | Exp . OR error
   82    | Exp . LB error RB

    PLUS   shift, and go to state 93
    MINUS  shift, and go to state 94
    STAR   shift, and go to state 95
    DIV    shift, and go to state 96
    DOT    shift, and go to state 99
    LB     shift, and go to state 100

    $default  reduce using rule 47 (Exp)


State 124

   62 Exp: Exp PLUS error .
   63    | error . PLUS Exp
   65    | error . MINUS Exp
   67    | error . STAR Exp
   69    | error . DIV Exp
   71    | error . RELOP Exp
   73    | error . ASSIGNOP Exp
   75    | error . AND Exp
   77    | error . OR Exp

    ASSIGNOP  shift, and go to state 66
    RELOP     shift, and go to state 67
    PLUS      shift, and go to state 68
    MINUS     shift, and go to state 69
    STAR      shift, and go to state 70
    DIV       shift, and go to state 71
    AND       shift, and go to state 72
    OR        shift, and go to state 73

    ASSIGNOP  [reduce using rule 62 (Exp)]
    RELOP     [reduce using rule 62 (Exp)]
    PLUS      [reduce using rule 62 (Exp)]
    MINUS     [reduce using rule 62 (Exp)]
    STAR      [reduce using rule 62 (Exp)]
    DIV       [reduce using rule 62 (Exp)]
    AND       [reduce using rule 62 (Exp)]
    OR        [reduce using rule 62 (Exp)]
    $default  reduce using rule 62 (Exp)


State 125

   44 Exp: Exp . ASSIGNOP Exp
   45    | Exp . AND Exp
   46    | Exp . OR Exp
   47    | Exp . RELOP Exp
   48    | Exp . PLUS Exp
   48    | Exp PLUS Exp .
   49    | Exp . MINUS Exp
   50    | Exp . STAR Exp
   51    | Exp . DIV Exp
   57    | Exp . LB Exp RB
   58    | Exp . DOT ID
   62    | Exp . PLUS error
   64    | Exp . MINUS error
   66    | Exp . STAR error
   68    | Exp . DIV error
   70    | Exp . RELOP error
   72    | Exp . ASSIGNOP error
   74    | Exp . AND error
   76    | Exp . OR error
   82    | Exp . LB error RB

    STAR  shift, and go to state 95
    DIV   shift, and go to state 96
    DOT   shift, and go to state 99
    LB    shift, and go to state 100

    $default  reduce using rule 48 (Exp)


State 126

   63 Exp: error . PLUS Exp
   64    | Exp MINUS error .
   65    | error . MINUS Exp
   67    | error . STAR Exp
   69    | error . DIV Exp
   71    | error . RELOP Exp
   73    | error . ASSIGNOP Exp
   75    | error . AND Exp
   77    | error . OR Exp

    ASSIGNOP  shift, and go to state 66
    RELOP     shift, and go to state 67
    PLUS      shift, and go to state 68
    MINUS     shift, and go to state 69
    STAR      shift, and go to state 70
    DIV       shift, and go to state 71
    AND       shift, and go to state 72
    OR        shift, and go to state 73

    ASSIGNOP  [reduce using rule 64 (Exp)]
    RELOP     [reduce using rule 64 (Exp)]
    PLUS      [reduce using rule 64 (Exp)]
    MINUS     [reduce using rule 64 (Exp)]
    STAR      [reduce using rule 64 (Exp)]
    DIV       [reduce using rule 64 (Exp)]
    AND       [reduce using rule 64 (Exp)]
    OR        [reduce using rule 64 (Exp)]
    $default  reduce using rule 64 (Exp)


State 127

   44 Exp: Exp . ASSIGNOP Exp
   45    | Exp . AND Exp
   46    | Exp . OR Exp
   47    | Exp . RELOP Exp
   48    | Exp . PLUS Exp
   49    | Exp . MINUS Exp
   49    | Exp MINUS Exp .
   50    | Exp . STAR Exp
   51    | Exp . DIV Exp
   57    | Exp . LB Exp RB
   58    | Exp . DOT ID
   62    | Exp . PLUS error
   64    | Exp . MINUS error
   66    | Exp . STAR error
   68    | Exp . DIV error
   70    | Exp . RELOP error
   72    | Exp . ASSIGNOP error
   74    | Exp . AND error
   76    | Exp . OR error
   82    | Exp . LB error RB

    STAR  shift, and go to state 95
    DIV   shift, and go to state 96
    DOT   shift, and go to state 99
    LB    shift, and go to state 100

    $default  reduce using rule 49 (Exp)


State 128

   63 Exp: error . PLUS Exp
   65    | error . MINUS Exp
   66    | Exp STAR error .
   67    | error . STAR Exp
   69    | error . DIV Exp
   71    | error . RELOP Exp
   73    | error . ASSIGNOP Exp
   75    | error . AND Exp
   77    | error . OR Exp

    ASSIGNOP  shift, and go to state 66
    RELOP     shift, and go to state 67
    PLUS      shift, and go to state 68
    MINUS     shift, and go to state 69
    STAR      shift, and go to state 70
    DIV       shift, and go to state 71
    AND       shift, and go to state 72
    OR        shift, and go to state 73

    ASSIGNOP  [reduce using rule 66 (Exp)]
    RELOP     [reduce using rule 66 (Exp)]
    PLUS      [reduce using rule 66 (Exp)]
    MINUS     [reduce using rule 66 (Exp)]
    STAR      [reduce using rule 66 (Exp)]
    DIV       [reduce using rule 66 (Exp)]
    AND       [reduce using rule 66 (Exp)]
    OR        [reduce using rule 66 (Exp)]
    $default  reduce using rule 66 (Exp)


State 129

   44 Exp: Exp . ASSIGNOP Exp
   45    | Exp . AND Exp
   46    | Exp . OR Exp
   47    | Exp . RELOP Exp
   48    | Exp . PLUS Exp
   49    | Exp . MINUS Exp
   50    | Exp . STAR Exp
   50    | Exp STAR Exp .
   51    | Exp . DIV Exp
   57    | Exp . LB Exp RB
   58    | Exp . DOT ID
   62    | Exp . PLUS error
   64    | Exp . MINUS error
   66    | Exp . STAR error
   68    | Exp . DIV error
   70    | Exp . RELOP error
   72    | Exp . ASSIGNOP error
   74    | Exp . AND error
   76    | Exp . OR error
   82    | Exp . LB error RB

    DOT  shift, and go to state 99
    LB   shift, and go to state 100

    $default  reduce using rule 50 (Exp)


State 130

   63 Exp: error . PLUS Exp
   65    | error . MINUS Exp
   67    | error . STAR Exp
   68    | Exp DIV error .
   69    | error . DIV Exp
   71    | error . RELOP Exp
   73    | error . ASSIGNOP Exp
   75    | error . AND Exp
   77    | error . OR Exp

    ASSIGNOP  shift, and go to state 66
    RELOP     shift, and go to state 67
    PLUS      shift, and go to state 68
    MINUS     shift, and go to state 69
    STAR      shift, and go to state 70
    DIV       shift, and go to state 71
    AND       shift, and go to state 72
    OR        shift, and go to state 73

    ASSIGNOP  [reduce using rule 68 (Exp)]
    RELOP     [reduce using rule 68 (Exp)]
    PLUS      [reduce using rule 68 (Exp)]
    MINUS     [reduce using rule 68 (Exp)]
    STAR      [reduce using rule 68 (Exp)]
    DIV       [reduce using rule 68 (Exp)]
    AND       [reduce using rule 68 (Exp)]
    OR        [reduce using rule 68 (Exp)]
    $default  reduce using rule 68 (Exp)


State 131

   44 Exp: Exp . ASSIGNOP Exp
   45    | Exp . AND Exp
   46    | Exp . OR Exp
   47    | Exp . RELOP Exp
   48    | Exp . PLUS Exp
   49    | Exp . MINUS Exp
   50    | Exp . STAR Exp
   51    | Exp . DIV Exp
   51    | Exp DIV Exp .
   57    | Exp . LB Exp RB
   58    | Exp . DOT ID
   62    | Exp . PLUS error
   64    | Exp . MINUS error
   66    | Exp . STAR error
   68    | Exp . DIV error
   70    | Exp . RELOP error
   72    | Exp . ASSIGNOP error
   74    | Exp . AND error
   76    | Exp . OR error
   82    | Exp . LB error RB

    DOT  shift, and go to state 99
    LB   shift, and go to state 100

    $default  reduce using rule 51 (Exp)


State 132

   63 Exp: error . PLUS Exp
   65    | error . MINUS Exp
   67    | error . STAR Exp
   69    | error . DIV Exp
   71    | error . RELOP Exp
   73    | error . ASSIGNOP Exp
   74    | Exp AND error .
   75    | error . AND Exp
   77    | error . OR Exp

    ASSIGNOP  shift, and go to state 66
    RELOP     shift, and go to state 67
    PLUS      shift, and go to state 68
    MINUS     shift, and go to state 69
    STAR      shift, and go to state 70
    DIV       shift, and go to state 71
    AND       shift, and go to state 72
    OR        shift, and go to state 73

    ASSIGNOP  [reduce using rule 74 (Exp)]
    RELOP     [reduce using rule 74 (Exp)]
    PLUS      [reduce using rule 74 (Exp)]
    MINUS     [reduce using rule 74 (Exp)]
    STAR      [reduce using rule 74 (Exp)]
    DIV       [reduce using rule 74 (Exp)]
    AND       [reduce using rule 74 (Exp)]
    OR        [reduce using rule 74 (Exp)]
    $default  reduce using rule 74 (Exp)


State 133

   44 Exp: Exp . ASSIGNOP Exp
   45    | Exp . AND Exp
   45    | Exp AND Exp .
   46    | Exp . OR Exp
   47    | Exp . RELOP Exp
   48    | Exp . PLUS Exp
   49    | Exp . MINUS Exp
   50    | Exp . STAR Exp
   51    | Exp . DIV Exp
   57    | Exp . LB Exp RB
   58    | Exp . DOT ID
   62    | Exp . PLUS error
   64    | Exp . MINUS error
   66    | Exp . STAR error
   68    | Exp . DIV error
   70    | Exp . RELOP error
   72    | Exp . ASSIGNOP error
   74    | Exp . AND error
   76    | Exp . OR error
   82    | Exp . LB error RB

    RELOP  shift, and go to state 92
    PLUS   shift, and go to state 93
    MINUS  shift, and go to state 94
    STAR   shift, and go to state 95
    DIV    shift, and go to state 96
    DOT    shift, and go to state 99
    LB     shift, and go to state 100

    $default  reduce using rule 45 (Exp)


State 134

   63 Exp: error . PLUS Exp
   65    | error . MINUS Exp
   67    | error . STAR Exp
   69    | error . DIV Exp
   71    | error . RELOP Exp
   73    | error . ASSIGNOP Exp
   75    | error . AND Exp
   76    | Exp OR error .
   77    | error . OR Exp

    ASSIGNOP  shift, and go to state 66
    RELOP     shift, and go to state 67
    PLUS      shift, and go to state 68
    MINUS     shift, and go to state 69
    STAR      shift, and go to state 70
    DIV       shift, and go to state 71
    AND       shift, and go to state 72
    OR        shift, and go to state 73

    ASSIGNOP  [reduce using rule 76 (Exp)]
    RELOP     [reduce using rule 76 (Exp)]
    PLUS      [reduce using rule 76 (Exp)]
    MINUS     [reduce using rule 76 (Exp)]
    STAR      [reduce using rule 76 (Exp)]
    DIV       [reduce using rule 76 (Exp)]
    AND       [reduce using rule 76 (Exp)]
    OR        [reduce using rule 76 (Exp)]
    $default  reduce using rule 76 (Exp)


State 135

   44 Exp: Exp . ASSIGNOP Exp
   45    | Exp . AND Exp
   46    | Exp . OR Exp
   46    | Exp OR Exp .
   47    | Exp . RELOP Exp
   48    | Exp . PLUS Exp
   49    | Exp . MINUS Exp
   50    | Exp . STAR Exp
   51    | Exp . DIV Exp
   57    | Exp . LB Exp RB
   58    | Exp . DOT ID
   62    | Exp . PLUS error
   64    | Exp . MINUS error
   66    | Exp . STAR error
   68    | Exp . DIV error
   70    | Exp . RELOP error
   72    | Exp . ASSIGNOP error
   74    | Exp . AND error
   76    | Exp . OR error
   82    | Exp . LB error RB

    RELOP  shift, and go to state 92
    PLUS   shift, and go to state 93
    MINUS  shift, and go to state 94
    STAR   shift, and go to state 95
    DIV    shift, and go to state 96
    AND    shift, and go to state 97
    DOT    shift, and go to state 99
    LB     shift, and go to state 100

    $default  reduce using rule 46 (Exp)


State 136

   58 Exp: Exp DOT ID .

    $default  reduce using rule 58 (Exp)


State 137

   63 Exp: error . PLUS Exp
   65    | error . MINUS Exp
   67    | error . STAR Exp
   69    | error . DIV Exp
   71    | error . RELOP Exp
   73    | error . ASSIGNOP Exp
   75    | error . AND Exp
   77    | error . OR Exp
   82    | Exp LB error . RB

    ASSIGNOP  shift, and go to state 66
    RELOP     shift, and go to state 67
    PLUS      shift, and go to state 68
    MINUS     shift, and go to state 69
    STAR      shift, and go to state 70
    DIV       shift, and go to state 71
    AND       shift, and go to state 72
    OR        shift, and go to state 73
    RB        shift, and go to state 144


State 138

   44 Exp: Exp . ASSIGNOP Exp
   45    | Exp . AND Exp
   46    | Exp . OR Exp
   47    | Exp . RELOP Exp
   48    | Exp . PLUS Exp
   49    | Exp . MINUS Exp
   50    | Exp . STAR Exp
   51    | Exp . DIV Exp
   57    | Exp . LB Exp RB
   57    | Exp LB Exp . RB
   58    | Exp . DOT ID
   62    | Exp . PLUS error
   64    | Exp . MINUS error
   66    | Exp . STAR error
   68    | Exp . DIV error
   70    | Exp . RELOP error
   72    | Exp . ASSIGNOP error
   74    | Exp . AND error
   76    | Exp . OR error
   82    | Exp . LB error RB

    ASSIGNOP  shift, and go to state 91
    RELOP     shift, and go to state 92
    PLUS      shift, and go to state 93
    MINUS     shift, and go to state 94
    STAR      shift, and go to state 95
    DIV       shift, and go to state 96
    AND       shift, and go to state 97
    OR        shift, and go to state 98
    DOT       shift, and go to state 99
    LB        shift, and go to state 100
    RB        shift, and go to state 145


State 139

   83 Args: Exp COMMA . Args

    error  shift, and go to state 84
    INT    shift, and go to state 48
    FLOAT  shift, and go to state 49
    ID     shift, and go to state 50
    MINUS  shift, and go to state 51
    NOT    shift, and go to state 52
    LP     shift, and go to state 53

    Exp   转到状态 112
    Args  转到状态 146


State 140

   55 Exp: ID LP Args RP .

    $default  reduce using rule 55 (Exp)


State 141

   80 Exp: LP Exp error RP .

    $default  reduce using rule 80 (Exp)


State 142

   30 Stmt: IF LP Exp RP . Stmt
   31     | IF LP Exp RP . Stmt ELSE Stmt

    error   shift, and go to state 47
    INT     shift, and go to state 48
    FLOAT   shift, and go to state 49
    ID      shift, and go to state 50
    MINUS   shift, and go to state 51
    NOT     shift, and go to state 52
    LP      shift, and go to state 53
    LC      shift, and go to state 25
    RETURN  shift, and go to state 54
    IF      shift, and go to state 55
    WHILE   shift, and go to state 56

    CompSt  转到状态 57
    Stmt    转到状态 147
    Exp     转到状态 60


State 143

   32 Stmt: WHILE LP Exp RP . Stmt

    error   shift, and go to state 47
    INT     shift, and go to state 48
    FLOAT   shift, and go to state 49
    ID      shift, and go to state 50
    MINUS   shift, and go to state 51
    NOT     shift, and go to state 52
    LP      shift, and go to state 53
    LC      shift, and go to state 25
    RETURN  shift, and go to state 54
    IF      shift, and go to state 55
    WHILE   shift, and go to state 56

    CompSt  转到状态 57
    Stmt    转到状态 148
    Exp     转到状态 60


State 144

   82 Exp: Exp LB error RB .

    $default  reduce using rule 82 (Exp)


State 145

   57 Exp: Exp LB Exp RB .

    $default  reduce using rule 57 (Exp)


State 146

   83 Args: Exp COMMA Args .

    $default  reduce using rule 83 (Args)


State 147

   30 Stmt: IF LP Exp RP Stmt .
   31     | IF LP Exp RP Stmt . ELSE Stmt

    ELSE  shift, and go to state 149

    $default  reduce using rule 30 (Stmt)


State 148

   32 Stmt: WHILE LP Exp RP Stmt .

    $default  reduce using rule 32 (Stmt)


State 149

   31 Stmt: IF LP Exp RP Stmt ELSE . Stmt

    error   shift, and go to state 47
    INT     shift, and go to state 48
    FLOAT   shift, and go to state 49
    ID      shift, and go to state 50
    MINUS   shift, and go to state 51
    NOT     shift, and go to state 52
    LP      shift, and go to state 53
    LC      shift, and go to state 25
    RETURN  shift, and go to state 54
    IF      shift, and go to state 55
    WHILE   shift, and go to state 56

    CompSt  转到状态 57
    Stmt    转到状态 150
    Exp     转到状态 60


State 150

   31 Stmt: IF LP Exp RP Stmt ELSE Stmt .

    $default  reduce using rule 31 (Stmt)
